# JRE version: OpenJDK Runtime Environment (11.0.12) (build 11.0.12+0-b1504.28-7817840)
# Java VM: OpenJDK 64-Bit Server VM (11.0.12+0-b1504.28-7817840, mixed mode, tiered, compressed oops, g1 gc, linux-amd64)
Heap:
 garbage-first heap   total 330752K, used 222837K [0x0000000080000000, 0x0000000100000000)
  region size 1024K, 102 young (104448K), 20 survivors (20480K)
 Metaspace       used 124232K, capacity 127174K, committed 127444K, reserved 1161216K
  class space    used 15678K, capacity 16814K, committed 16896K, reserved 1048576K
GC Heap History (20 events):
Event: 20.065 GC heap before
{Heap before GC invocations=18 (full 0):
 garbage-first heap   total 275456K, used 181219K [0x0000000080000000, 0x0000000100000000)
  region size 1024K, 123 young (125952K), 13 survivors (13312K)
 Metaspace       used 87370K, capacity 89414K, committed 89660K, reserved 1126400K
  class space    used 11382K, capacity 12161K, committed 12288K, reserved 1048576K
}
Event: 20.115 GC heap after
{Heap after GC invocations=19 (full 0):
 garbage-first heap   total 275456K, used 76228K [0x0000000080000000, 0x0000000100000000)
  region size 1024K, 13 young (13312K), 13 survivors (13312K)
 Metaspace       used 87370K, capacity 89414K, committed 89660K, reserved 1126400K
  class space    used 11382K, capacity 12161K, committed 12288K, reserved 1048576K
}
Event: 23.038 GC heap before
{Heap before GC invocations=19 (full 0):
 garbage-first heap   total 275456K, used 203204K [0x0000000080000000, 0x0000000100000000)
  region size 1024K, 127 young (130048K), 13 survivors (13312K)
 Metaspace       used 91265K, capacity 93290K, committed 93628K, reserved 1130496K
  class space    used 11802K, capacity 12578K, committed 12672K, reserved 1048576K
}
Event: 23.096 GC heap after
{Heap after GC invocations=20 (full 0):
 garbage-first heap   total 275456K, used 100198K [0x0000000080000000, 0x0000000100000000)
  region size 1024K, 16 young (16384K), 16 survivors (16384K)
 Metaspace       used 91265K, capacity 93290K, committed 93628K, reserved 1130496K
  class space    used 11802K, capacity 12578K, committed 12672K, reserved 1048576K
}
Event: 24.950 GC heap before
{Heap before GC invocations=20 (full 0):
 garbage-first heap   total 275456K, used 214886K [0x0000000080000000, 0x0000000100000000)
  region size 1024K, 114 young (116736K), 16 survivors (16384K)
 Metaspace       used 95428K, capacity 97634K, committed 98108K, reserved 1134592K
  class space    used 12125K, capacity 12980K, committed 13056K, reserved 1048576K
}
Event: 25.028 GC heap after
{Heap after GC invocations=21 (full 0):
 garbage-first heap   total 275456K, used 113664K [0x0000000080000000, 0x0000000100000000)
  region size 1024K, 12 young (12288K), 12 survivors (12288K)
 Metaspace       used 95428K, capacity 97634K, committed 98108K, reserved 1134592K
  class space    used 12125K, capacity 12980K, committed 13056K, reserved 1048576K
}
Event: 26.037 GC heap before
{Heap before GC invocations=21 (full 0):
 garbage-first heap   total 275456K, used 208896K [0x0000000080000000, 0x0000000100000000)
  region size 1024K, 104 young (106496K), 12 survivors (12288K)
 Metaspace       used 96358K, capacity 98592K, committed 98876K, reserved 1134592K
  class space    used 12185K, capacity 13022K, committed 13056K, reserved 1048576K
}
Event: 26.055 GC heap after
{Heap after GC invocations=22 (full 0):
 garbage-first heap   total 330752K, used 107520K [0x0000000080000000, 0x0000000100000000)
  region size 1024K, 2 young (2048K), 2 survivors (2048K)
 Metaspace       used 96358K, capacity 98592K, committed 98876K, reserved 1134592K
  class space    used 12185K, capacity 13022K, committed 13056K, reserved 1048576K
}
Event: 27.418 GC heap before
{Heap before GC invocations=22 (full 0):
 garbage-first heap   total 330752K, used 235520K [0x0000000080000000, 0x0000000100000000)
  region size 1024K, 127 young (130048K), 2 survivors (2048K)
 Metaspace       used 97358K, capacity 99607K, committed 100028K, reserved 1136640K
  class space    used 12281K, capacity 13123K, committed 13184K, reserved 1048576K
}
Event: 27.429 GC heap after
{Heap after GC invocations=23 (full 0):
 garbage-first heap   total 330752K, used 105458K [0x0000000080000000, 0x0000000100000000)
  region size 1024K, 2 young (2048K), 2 survivors (2048K)
 Metaspace       used 97358K, capacity 99607K, committed 100028K, reserved 1136640K
  class space    used 12281K, capacity 13123K, committed 13184K, reserved 1048576K
}
Event: 30.530 GC heap before
{Heap before GC invocations=23 (full 0):
 garbage-first heap   total 330752K, used 246770K [0x0000000080000000, 0x0000000100000000)
  region size 1024K, 141 young (144384K), 2 survivors (2048K)
 Metaspace       used 103329K, capacity 105501K, committed 105788K, reserved 1140736K
  class space    used 12984K, capacity 13792K, committed 13824K, reserved 1048576K
}
Event: 30.566 GC heap after
{Heap after GC invocations=24 (full 0):
 garbage-first heap   total 330752K, used 111977K [0x0000000080000000, 0x0000000100000000)
  region size 1024K, 9 young (9216K), 9 survivors (9216K)
 Metaspace       used 103329K, capacity 105501K, committed 105788K, reserved 1140736K
  class space    used 12984K, capacity 13792K, committed 13824K, reserved 1048576K
}
Event: 67.402 GC heap before
{Heap before GC invocations=24 (full 0):
 garbage-first heap   total 330752K, used 254313K [0x0000000080000000, 0x0000000100000000)
  region size 1024K, 149 young (152576K), 9 survivors (9216K)
 Metaspace       used 111204K, capacity 113610K, committed 113980K, reserved 1148928K
  class space    used 13852K, capacity 14739K, committed 14848K, reserved 1048576K
}
Event: 67.505 GC heap after
{Heap after GC invocations=25 (full 0):
 garbage-first heap   total 330752K, used 118089K [0x0000000080000000, 0x0000000100000000)
  region size 1024K, 15 young (15360K), 15 survivors (15360K)
 Metaspace       used 111204K, capacity 113610K, committed 113980K, reserved 1148928K
  class space    used 13852K, capacity 14739K, committed 14848K, reserved 1048576K
}
Event: 68.286 GC heap before
{Heap before GC invocations=25 (full 0):
 garbage-first heap   total 330752K, used 132425K [0x0000000080000000, 0x0000000100000000)
  region size 1024K, 31 young (31744K), 15 survivors (15360K)
 Metaspace       used 112300K, capacity 114623K, committed 114876K, reserved 1148928K
  class space    used 13986K, capacity 14884K, committed 14976K, reserved 1048576K
}
Event: 68.397 GC heap after
{Heap after GC invocations=26 (full 0):
 garbage-first heap   total 330752K, used 119686K [0x0000000080000000, 0x0000000100000000)
  region size 1024K, 8 young (8192K), 8 survivors (8192K)
 Metaspace       used 112300K, capacity 114623K, committed 114876K, reserved 1148928K
  class space    used 13986K, capacity 14884K, committed 14976K, reserved 1048576K
}
Event: 72.742 GC heap before
{Heap before GC invocations=27 (full 0):
 garbage-first heap   total 330752K, used 248710K [0x0000000080000000, 0x0000000100000000)
  region size 1024K, 151 young (154624K), 8 survivors (8192K)
 Metaspace       used 121155K, capacity 123857K, committed 124116K, reserved 1157120K
  class space    used 15288K, capacity 16323K, committed 16384K, reserved 1048576K
}
Event: 72.939 GC heap after
{Heap after GC invocations=28 (full 0):
 garbage-first heap   total 330752K, used 120337K [0x0000000080000000, 0x0000000100000000)
  region size 1024K, 19 young (19456K), 19 survivors (19456K)
 Metaspace       used 121155K, capacity 123857K, committed 124116K, reserved 1157120K
  class space    used 15288K, capacity 16323K, committed 16384K, reserved 1048576K
}
Event: 75.090 GC heap before
{Heap before GC invocations=29 (full 0):
 garbage-first heap   total 330752K, used 260625K [0x0000000080000000, 0x0000000100000000)
  region size 1024K, 157 young (160768K), 19 survivors (19456K)
 Metaspace       used 123368K, capacity 126346K, committed 126548K, reserved 1159168K
  class space    used 15597K, capacity 16740K, committed 16768K, reserved 1048576K
}
Event: 75.256 GC heap after
{Heap after GC invocations=30 (full 0):
 garbage-first heap   total 330752K, used 139893K [0x0000000080000000, 0x0000000100000000)
  region size 1024K, 20 young (20480K), 20 survivors (20480K)
 Metaspace       used 123368K, capacity 126346K, committed 126548K, reserved 1159168K
  class space    used 15597K, capacity 16740K, committed 16768K, reserved 1048576K
}

